Determining if the pthread_create exist failed with the following output:
Change Dir: /home/sick/catkin_ws_isolated/build_isolated/cartographer_ros_msgs/CMakeFiles/CMakeTmp

Run Build Command:"/usr/bin/ninja" "cmTC_b5be5"
[1/2] Building C object CMakeFiles/cmTC_b5be5.dir/CheckSymbolExists.c.o
[2/2] Linking C executable cmTC_b5be5
FAILED: cmTC_b5be5 
: && /usr/bin/cc   -rdynamic CMakeFiles/cmTC_b5be5.dir/CheckSymbolExists.c.o  -o cmTC_b5be5   && :
CMakeFiles/cmTC_b5be5.dir/CheckSymbolExists.c.o: 関数 `main' 内:
CheckSymbolExists.c:(.text+0x1b): `pthread_create' に対する定義されていない参照です
collect2: error: ld returned 1 exit status
ninja: build stopped: subcommand failed.

File /home/sick/catkin_ws_isolated/build_isolated/cartographer_ros_msgs/CMakeFiles/CMakeTmp/CheckSymbolExists.c:
/* */
#include <pthread.h>

int main(int argc, char** argv)
{
  (void)argv;
#ifndef pthread_create
  return ((int*)(&pthread_create))[argc];
#else
  (void)argc;
  return 0;
#endif
}

Determining if the function pthread_create exists in the pthreads failed with the following output:
Change Dir: /home/sick/catkin_ws_isolated/build_isolated/cartographer_ros_msgs/CMakeFiles/CMakeTmp

Run Build Command:"/usr/bin/ninja" "cmTC_8287b"
[1/2] Building C object CMakeFiles/cmTC_8287b.dir/CheckFunctionExists.c.o
[2/2] Linking C executable cmTC_8287b
FAILED: cmTC_8287b 
: && /usr/bin/cc -DCHECK_FUNCTION_EXISTS=pthread_create  -rdynamic CMakeFiles/cmTC_8287b.dir/CheckFunctionExists.c.o  -o cmTC_8287b  -lpthreads && :
/usr/bin/ld: -lpthreads が見つかりません
collect2: error: ld returned 1 exit status
ninja: build stopped: subcommand failed.


